<?xml version="1.0" encoding="UTF-8"?>
<testng-results ignored="0" total="2" passed="2" failed="0" skipped="0">
  <reporter-output>
  </reporter-output>
  <suite started-at="2025-12-29T01:40:52 GMT+03:00" name="Suite" finished-at="2025-12-29T01:41:41 GMT+03:00" duration-ms="49120">
    <groups>
    </groups>
    <test started-at="2025-12-29T01:40:52 GMT+03:00" name="Error Validation Test" finished-at="2025-12-29T01:41:27 GMT+03:00" duration-ms="35737">
      <class name="alaaghaziautomationproject.selenium_java.ErrorValidationTest">
        <test-method is-config="true" signature="launchApplication()[pri:0, instance:alaaghaziautomationproject.selenium_java.ErrorValidationTest@4e928fbf]" started-at="2025-12-29T01:40:52 GMT+03:00" name="launchApplication" finished-at="2025-12-29T01:41:12 GMT+03:00" duration-ms="20456" status="PASS">
          <reporter-output>
          </reporter-output>
        </test-method> <!-- launchApplication -->
        <test-method signature="LoginErrorValidaction()[pri:0, instance:alaaghaziautomationproject.selenium_java.ErrorValidationTest@4e928fbf]" started-at="2025-12-29T01:41:12 GMT+03:00" name="LoginErrorValidaction" finished-at="2025-12-29T01:41:27 GMT+03:00" duration-ms="14628" status="PASS">
          <reporter-output>
          </reporter-output>
        </test-method> <!-- LoginErrorValidaction -->
        <test-method is-config="true" signature="tearDown()[pri:0, instance:alaaghaziautomationproject.selenium_java.ErrorValidationTest@4e928fbf]" started-at="2025-12-29T01:41:27 GMT+03:00" name="tearDown" finished-at="2025-12-29T01:41:27 GMT+03:00" duration-ms="245" status="PASS">
          <reporter-output>
          </reporter-output>
        </test-method> <!-- tearDown -->
      </class> <!-- alaaghaziautomationproject.selenium_java.ErrorValidationTest -->
    </test> <!-- Error Validation Test -->
    <test started-at="2025-12-29T01:40:52 GMT+03:00" name="End to End Test" finished-at="2025-12-29T01:41:41 GMT+03:00" duration-ms="49120">
      <class name="alaaghaziautomationproject.selenium_java.EndToEndTest">
        <test-method is-config="true" signature="launchApplication()[pri:0, instance:alaaghaziautomationproject.selenium_java.EndToEndTest@222a59e6]" started-at="2025-12-29T01:40:52 GMT+03:00" name="launchApplication" finished-at="2025-12-29T01:41:12 GMT+03:00" duration-ms="19561" status="PASS">
          <reporter-output>
          </reporter-output>
        </test-method> <!-- launchApplication -->
        <test-method signature="submitOrder1(java.util.HashMap)[pri:0, instance:alaaghaziautomationproject.selenium_java.EndToEndTest@222a59e6]" started-at="2025-12-29T01:41:12 GMT+03:00" name="submitOrder1" data-provider="getLoginData" finished-at="2025-12-29T01:41:40 GMT+03:00" duration-ms="28455" status="PASS">
          <params>
            <param index="0">
              <value>
                <![CDATA[{firstName=Alaa, lastName=Ghazi, password=secret_sauce, postalCode=203333, username=standard_user}]]>
              </value>
            </param>
          </params>
          <reporter-output>
          </reporter-output>
        </test-method> <!-- submitOrder1 -->
        <test-method is-config="true" signature="tearDown()[pri:0, instance:alaaghaziautomationproject.selenium_java.EndToEndTest@222a59e6]" started-at="2025-12-29T01:41:41 GMT+03:00" name="tearDown" finished-at="2025-12-29T01:41:41 GMT+03:00" duration-ms="211" status="PASS">
          <reporter-output>
          </reporter-output>
        </test-method> <!-- tearDown -->
      </class> <!-- alaaghaziautomationproject.selenium_java.EndToEndTest -->
    </test> <!-- End to End Test -->
  </suite> <!-- Suite -->
</testng-results>
