<?xml version="1.0" encoding="UTF-8"?>
<!-- Generated by org.testng.reporters.JUnitReportReporter -->
<testsuite hostname="lulus-MacBook-Pro.local" failures="0" tests="1" name="alaaghaziautomationproject.selenium_java.ErrorValidationTest" time="35.329" errors="0" timestamp="2025-12-29T01:41:46 GMT+03:00" skipped="0">
  <testcase classname="alaaghaziautomationproject.selenium_java.ErrorValidationTest" name="LoginErrorValidaction" time="35.329"/>
</testsuite> <!-- alaaghaziautomationproject.selenium_java.ErrorValidationTest -->
